{"name": "测试购物流程", "status": "failed", "statusDetails": {"message": "AssertionError: assert 1 == 2", "trace": "login_fix = None\n\n    @allure.feature(\"购物模块\")\n    @allure.title(\"测试购物流程\")\n    def test_shopping(login_fix):\n        \"\"\"\n            用例步骤：\n            1.登陆\n            2.浏览商品\n            3.添加购物车\n            4.生成订单\n            5.支付成功\n        \"\"\"\n        with allure.step(\"浏览商品\"):\n            open_goods()\n            with allure.step(\"嵌套步骤\"):\n                add_cart()\n    \n        with allure.step(\"添加购物车\"):\n            add_cart()\n>           assert 1 == 2\nE           assert 1 == 2\n\ntest_allure_step.py:34: AssertionError"}, "description": "\n        用例步骤：\n        1.登陆\n        2.浏览商品\n        3.添加购物车\n        4.生成订单\n        5.支付成功\n    ", "steps": [{"name": "浏览商品", "status": "passed", "steps": [{"name": "嵌套步骤", "status": "passed", "start": 1653400534970, "stop": 1653400534970}], "start": 1653400534970, "stop": 1653400534970}, {"name": "添加购物车", "status": "failed", "statusDetails": {"message": "AssertionError: assert 1 == 2\n", "trace": "  File \"D:\\cemaclass\\PycharmProjects\\CMVIP06\\CMVIP06_PYTEST\\class03\\p05_testcae_step\\case01\\test_allure_step.py\", line 34, in test_shopping\n    assert 1 == 2\n"}, "start": 1653400534970, "stop": 1653400534970}], "attachments": [{"name": "stdout", "source": "614cb5ef-3789-4b13-a2d4-5a102726cd0a-attachment.txt", "type": "text/plain"}], "start": 1653400534970, "stop": 1653400534971, "uuid": "a758f73d-ac25-4b1e-ad2f-892c61edc8b0", "historyId": "ccb1aedf03c405c5e83b15c3ae26cd6e", "testCaseId": "485f9a5c562c361517f9a7020072f053", "fullName": "test_allure_step#test_shopping", "labels": [{"name": "feature", "value": "购物模块"}, {"name": "suite", "value": "test_allure_step"}, {"name": "host", "value": "LAPTOP-IT6V6FE6"}, {"name": "thread", "value": "24864-MainThread"}, {"name": "framework", "value": "pytest"}, {"name": "language", "value": "cpython3"}, {"name": "package", "value": "test_allure_step"}]}